0 info it worked if it ends with ok
1 verbose cli [ 'node', '/usr/local/bin/npm', 'publish' ]
2 info using npm@1.4.4
3 info using node@v0.10.26
4 verbose publish [ '.' ]
5 verbose cache add [ '.', null ]
6 verbose cache add name=undefined spec="." args=[".",null]
7 verbose parsed url { protocol: null,
7 verbose parsed url   slashes: null,
7 verbose parsed url   auth: null,
7 verbose parsed url   host: null,
7 verbose parsed url   port: null,
7 verbose parsed url   hostname: null,
7 verbose parsed url   hash: null,
7 verbose parsed url   search: null,
7 verbose parsed url   query: null,
7 verbose parsed url   pathname: '.',
7 verbose parsed url   path: '.',
7 verbose parsed url   href: '.' }
8 silly lockFile 3a52ce78- .
9 verbose lock . /Users/jklb/.npm/3a52ce78-.lock
10 verbose tar pack [ '/var/folders/q4/qn_c0pdj3wl9pts138rm2k0r0000gn/T/npm-17408-vIuBRO3O/1393961840493-0.31437685433775187/tmp.tgz',
10 verbose tar pack   '.' ]
11 verbose tarball /var/folders/q4/qn_c0pdj3wl9pts138rm2k0r0000gn/T/npm-17408-vIuBRO3O/1393961840493-0.31437685433775187/tmp.tgz
12 verbose folder .
13 info prepublish contributor@0.1.9
14 silly lockFile 1f1177db-tar tar://.
15 verbose lock tar://. /Users/jklb/.npm/1f1177db-tar.lock
16 silly lockFile c2508080-0493-0-31437685433775187-tmp-tgz tar:///var/folders/q4/qn_c0pdj3wl9pts138rm2k0r0000gn/T/npm-17408-vIuBRO3O/1393961840493-0.31437685433775187/tmp.tgz
17 verbose lock tar:///var/folders/q4/qn_c0pdj3wl9pts138rm2k0r0000gn/T/npm-17408-vIuBRO3O/1393961840493-0.31437685433775187/tmp.tgz /Users/jklb/.npm/c2508080-0493-0-31437685433775187-tmp-tgz.lock
18 silly lockFile 1f1177db-tar tar://.
19 silly lockFile 1f1177db-tar tar://.
20 silly lockFile c2508080-0493-0-31437685433775187-tmp-tgz tar:///var/folders/q4/qn_c0pdj3wl9pts138rm2k0r0000gn/T/npm-17408-vIuBRO3O/1393961840493-0.31437685433775187/tmp.tgz
21 silly lockFile c2508080-0493-0-31437685433775187-tmp-tgz tar:///var/folders/q4/qn_c0pdj3wl9pts138rm2k0r0000gn/T/npm-17408-vIuBRO3O/1393961840493-0.31437685433775187/tmp.tgz
22 verbose tar unpack /var/folders/q4/qn_c0pdj3wl9pts138rm2k0r0000gn/T/npm-17408-vIuBRO3O/1393961840493-0.31437685433775187/tmp.tgz
23 silly lockFile 09079cdc-0493-0-31437685433775187-package tar:///var/folders/q4/qn_c0pdj3wl9pts138rm2k0r0000gn/T/npm-17408-vIuBRO3O/1393961840493-0.31437685433775187/package
24 verbose lock tar:///var/folders/q4/qn_c0pdj3wl9pts138rm2k0r0000gn/T/npm-17408-vIuBRO3O/1393961840493-0.31437685433775187/package /Users/jklb/.npm/09079cdc-0493-0-31437685433775187-package.lock
25 silly lockFile c2508080-0493-0-31437685433775187-tmp-tgz tar:///var/folders/q4/qn_c0pdj3wl9pts138rm2k0r0000gn/T/npm-17408-vIuBRO3O/1393961840493-0.31437685433775187/tmp.tgz
26 verbose lock tar:///var/folders/q4/qn_c0pdj3wl9pts138rm2k0r0000gn/T/npm-17408-vIuBRO3O/1393961840493-0.31437685433775187/tmp.tgz /Users/jklb/.npm/c2508080-0493-0-31437685433775187-tmp-tgz.lock
27 silly gunzTarPerm modes [ '755', '644' ]
28 silly gunzTarPerm extractEntry package.json
29 silly gunzTarPerm extractEntry .npmignore
30 silly gunzTarPerm extractEntry README.md
31 silly gunzTarPerm extractEntry bin/contributor
32 silly gunzTarPerm extractEntry lib/contributor.js
33 silly lockFile 09079cdc-0493-0-31437685433775187-package tar:///var/folders/q4/qn_c0pdj3wl9pts138rm2k0r0000gn/T/npm-17408-vIuBRO3O/1393961840493-0.31437685433775187/package
34 silly lockFile 09079cdc-0493-0-31437685433775187-package tar:///var/folders/q4/qn_c0pdj3wl9pts138rm2k0r0000gn/T/npm-17408-vIuBRO3O/1393961840493-0.31437685433775187/package
35 silly lockFile c2508080-0493-0-31437685433775187-tmp-tgz tar:///var/folders/q4/qn_c0pdj3wl9pts138rm2k0r0000gn/T/npm-17408-vIuBRO3O/1393961840493-0.31437685433775187/tmp.tgz
36 silly lockFile c2508080-0493-0-31437685433775187-tmp-tgz tar:///var/folders/q4/qn_c0pdj3wl9pts138rm2k0r0000gn/T/npm-17408-vIuBRO3O/1393961840493-0.31437685433775187/tmp.tgz
37 verbose tar pack [ '/Users/jklb/.npm/contributor/0.1.9/package.tgz',
37 verbose tar pack   '/var/folders/q4/qn_c0pdj3wl9pts138rm2k0r0000gn/T/npm-17408-vIuBRO3O/1393961840493-0.31437685433775187/package' ]
38 verbose tarball /Users/jklb/.npm/contributor/0.1.9/package.tgz
39 verbose folder /var/folders/q4/qn_c0pdj3wl9pts138rm2k0r0000gn/T/npm-17408-vIuBRO3O/1393961840493-0.31437685433775187/package
40 silly lockFile 09079cdc-0493-0-31437685433775187-package tar:///var/folders/q4/qn_c0pdj3wl9pts138rm2k0r0000gn/T/npm-17408-vIuBRO3O/1393961840493-0.31437685433775187/package
41 verbose lock tar:///var/folders/q4/qn_c0pdj3wl9pts138rm2k0r0000gn/T/npm-17408-vIuBRO3O/1393961840493-0.31437685433775187/package /Users/jklb/.npm/09079cdc-0493-0-31437685433775187-package.lock
42 silly lockFile 44bc5adf-pm-contributor-0-1-9-package-tgz tar:///Users/jklb/.npm/contributor/0.1.9/package.tgz
43 verbose lock tar:///Users/jklb/.npm/contributor/0.1.9/package.tgz /Users/jklb/.npm/44bc5adf-pm-contributor-0-1-9-package-tgz.lock
44 silly lockFile 09079cdc-0493-0-31437685433775187-package tar:///var/folders/q4/qn_c0pdj3wl9pts138rm2k0r0000gn/T/npm-17408-vIuBRO3O/1393961840493-0.31437685433775187/package
45 silly lockFile 09079cdc-0493-0-31437685433775187-package tar:///var/folders/q4/qn_c0pdj3wl9pts138rm2k0r0000gn/T/npm-17408-vIuBRO3O/1393961840493-0.31437685433775187/package
46 silly lockFile 44bc5adf-pm-contributor-0-1-9-package-tgz tar:///Users/jklb/.npm/contributor/0.1.9/package.tgz
47 silly lockFile 44bc5adf-pm-contributor-0-1-9-package-tgz tar:///Users/jklb/.npm/contributor/0.1.9/package.tgz
48 silly lockFile 9c6b12dd-lb-npm-contributor-0-1-9-package /Users/jklb/.npm/contributor/0.1.9/package
49 verbose lock /Users/jklb/.npm/contributor/0.1.9/package /Users/jklb/.npm/9c6b12dd-lb-npm-contributor-0-1-9-package.lock
50 silly lockFile 9c6b12dd-lb-npm-contributor-0-1-9-package /Users/jklb/.npm/contributor/0.1.9/package
51 silly lockFile 9c6b12dd-lb-npm-contributor-0-1-9-package /Users/jklb/.npm/contributor/0.1.9/package
52 verbose tar unpack /Users/jklb/.npm/contributor/0.1.9/package.tgz
53 silly lockFile 97c22972-lb-npm-contributor-0-1-9-package tar:///Users/jklb/.npm/contributor/0.1.9/package
54 verbose lock tar:///Users/jklb/.npm/contributor/0.1.9/package /Users/jklb/.npm/97c22972-lb-npm-contributor-0-1-9-package.lock
55 silly lockFile 44bc5adf-pm-contributor-0-1-9-package-tgz tar:///Users/jklb/.npm/contributor/0.1.9/package.tgz
56 verbose lock tar:///Users/jklb/.npm/contributor/0.1.9/package.tgz /Users/jklb/.npm/44bc5adf-pm-contributor-0-1-9-package-tgz.lock
57 silly gunzTarPerm modes [ '755', '644' ]
58 silly gunzTarPerm extractEntry package.json
59 silly gunzTarPerm extractEntry .npmignore
60 silly gunzTarPerm extractEntry README.md
61 silly gunzTarPerm extractEntry bin/contributor
62 silly gunzTarPerm extractEntry lib/contributor.js
63 silly lockFile 97c22972-lb-npm-contributor-0-1-9-package tar:///Users/jklb/.npm/contributor/0.1.9/package
64 silly lockFile 97c22972-lb-npm-contributor-0-1-9-package tar:///Users/jklb/.npm/contributor/0.1.9/package
65 silly lockFile 44bc5adf-pm-contributor-0-1-9-package-tgz tar:///Users/jklb/.npm/contributor/0.1.9/package.tgz
66 silly lockFile 44bc5adf-pm-contributor-0-1-9-package-tgz tar:///Users/jklb/.npm/contributor/0.1.9/package.tgz
67 verbose chmod /Users/jklb/.npm/contributor/0.1.9/package.tgz 644
68 verbose chown /Users/jklb/.npm/contributor/0.1.9/package.tgz [ 501, 20 ]
69 silly lockFile 3a52ce78- .
70 silly lockFile 3a52ce78- .
71 silly publish { author: { name: 'Jake LeBoeuf' },
71 silly publish   name: 'contributor',
71 silly publish   description: 'A simple module to add git contributors to your package.json.',
71 silly publish   version: '0.1.9',
71 silly publish   homepage: 'https://github.com/jakeleboeuf/contributor',
71 silly publish   repository:
71 silly publish    { type: 'git',
71 silly publish      url: 'https://github.com/jakeleboeuf/contributor.git' },
71 silly publish   bugs: { url: 'https://github.com/jakeleboeuf/contributor/issues' },
71 silly publish   main: './lib/contributor',
71 silly publish   license: 'MIT',
71 silly publish   keywords:
71 silly publish    [ 'contributor',
71 silly publish      'contribute',
71 silly publish      'collaborator',
71 silly publish      'collaborate',
71 silly publish      'author',
71 silly publish      'github',
71 silly publish      'package' ],
71 silly publish   bin: { contributor: './bin/contributor' },
71 silly publish   engines: { node: '0.10.x', npm: '1.4.x' },
71 silly publish   dependencies:
71 silly publish    { request: '2.34.x',
71 silly publish      'ansi-color': '0.2.x',
71 silly publish      github: '0.1.x',
71 silly publish      prompt: '0.2.x' },
71 silly publish   contributors:
71 silly publish    [ { name: 'Jake LeBoeuf',
71 silly publish        email: 'dev@jakeleboeuf.com',
71 silly publish        url: 'https://github.com/jakeleboeuf' } ],
71 silly publish   readme: '#Contributor [![Build Status](https://travis-ci.org/jakeleboeuf/contributor.png)](https://travis-ci.org/jakeleboeuf/contributor)\n\nA simple [node](http://nodejs.org) module to add git contributors to your package.json. Private repos are available as of 0.1.6!\n\n[![NPM](https://nodei.co/npm/contributor.png)](https://nodei.co/npm/contributor/)\n  \n## Install from [npm](https://www.npmjs.org/package/contributor)\n\n    $ npm install contributor -g\n\nor add it as one of your projects `package.json` dependencies like this:\n  \n  \n```json\n{\n  ...\n  "dependencies": {\n    "contributor": "0.1.x"\n  }\n}\n```\n\n## Run\n\nTo get a record of your project\'s contribution info from your github repo, `cd` into the directory containing your `package.json` and run:\n  \n\t$ contributor\n\nBingo! Your `package.json` will be appended with something like this:\n\n```json\n{\n  ...\n  "contributors": [\n    {\n      "name": "Jake LeBoeuf",\n      "email": "dev@jakeleboeuf.com",\n      "url": "https://github.com/jakeleboeuf",\n      "contributions": 20,\n      "hireable": true\n    }\n  ]\n}\n```\n\n### Behind the scenes\n\n[Contributor](https://www.npmjs.org/package/contributor) hunts for repository.url in your your `package.json`. If it finds a valid repo url, it requests collaborator info from the github api and adds it to your `package.json`. Super simple.\n\nIt will make a backup of your original json to `.package.json`, so all your secret codes are safe.\n\n\n#### Pro tip: Add a git push alias and kill a couple birds.\n\n\t$ git config alias.pushc \\!git push $1 $2 && contributor\n  \nThis will simply add the pushc alias to your .git/config file like so:\n\n\t[alias]\n    \tpushc = !git push $1 $2 && contributor\n    \nThen you can run `git pushc origin master`, and voila! Give it a try on your next project and let me know what you think!\n\n--\n###Examle output\n\n\nBefore `contributor`:\n\n\n```json\n{\n  "author": "Jake LeBoeuf",\n  "name": "contributor",\n  "description": "Example package.json.",\n  "version": "0.1.1",\n  "homepage": "https://github.com/jakeleboeuf/contributor",\n  "repository": {\n    "type": "git",\n    "url": "https://github.com/jakeleboeuf/contributor.git"\n  },\n  "bugs": {\n    "url": "https://github.com/jakeleboeuf/contributor/issues"\n  },\n  "engines": {\n    "node": "0.10.x",\n    "npm": "1.4.x"\n  },\n  "dependencies": {\n    "request": "2.34.x",\n    "ansi-color": "0.2.x",\n    "github": "0.1.x",\n    "prompt": "0.2.x"\n  }\n}\n```\n\nAfter `contributor`:\n\n```json\n{\n  "author": "Jake LeBoeuf",\n  "name": "contributor",\n  "description": "Example package.json.",\n  "version": "0.1.1",\n  "homepage": "https://github.com/jakeleboeuf/contributor",\n  "repository": {\n    "type": "git",\n    "url": "https://github.com/jakeleboeuf/contributor.git"\n  },\n  "bugs": {\n    "url": "https://github.com/jakeleboeuf/contributor/issues"\n  },\n  "engines": {\n    "node": "0.10.x",\n    "npm": "1.4.x"\n  },\n  "dependencies": {\n    "request": "2.34.x",\n    "ansi-color": "0.2.x",\n    "github": "0.1.x",\n    "prompt": "0.2.x"\n  },\n  "contributors": [\n    {\n      "name": "Jake LeBoeuf",\n      "email": "dev@jakeleboeuf.com",\n      "url": "https://github.com/jakeleboeuf",\n      "contributions": 20,\n      "hireable": true\n    }\n  ]\n}\n```\n[![Support via Gittip](https://rawgithub.com/twolfson/gittip-badge/0.2.0/dist/gittip.png)](https://www.gittip.com/jakeleboeuf/)\n',
71 silly publish   readmeFilename: 'README.md',
71 silly publish   _id: 'contributor@0.1.9',
71 silly publish   dist: { shasum: '11226ec7d54fff3325efe7dd60ee7388e466ed78' },
71 silly publish   _from: '.' }
72 verbose url raw contributor
73 verbose url resolving [ 'https://registry.npmjs.org/', './contributor' ]
74 verbose url resolved https://registry.npmjs.org/contributor
75 info trying registry request attempt 1 at 14:37:20
76 http PUT https://registry.npmjs.org/contributor
77 http 403 https://registry.npmjs.org/contributor
78 error publish Failed PUT 403
79 error Error: forbidden cannot modify pre-existing version: 0.1.9
79 error old={"author":{"name":"Jake LeBoeuf"},"name":"contributor","description":"A simple module to add git contributors to your package.json.","version":"0.1.9","homepage":"https://github.com/jakeleboeuf/contributor","repository":{"type":"git","url":"https://github.com/jakeleboeuf/contributor.git"},"bugs":{"url":"https://github.com/jakeleboeuf/contributor/issues"},"main":"./lib/contributor","license":"MIT","keywords":["contributor","contribute","collaborator","collaborate","author","github","package"],"bin":{"contributor":"./bin/contributor"},"engines":{"node":"0.10.x","npm":"1.4.x"},"dependencies":{"request":"2.34.x","ansi-color":"0.2.x","github":"0.1.x","prompt":"0.2.x"},"devDependencies":{"mocha":"~1.9.0","chai":"~1.6.0","rimraf":"~2.1.4"},"contributors":[{"name":"Jake LeBoeuf","email":"dev@jakeleboeuf.com","url":"https://github.com/jakeleboeuf"}],"_id":"contributor@0.1.9","dist":{"shasum":"0e94a28ef9f389940145a65408f6ab699e3bebff","tarball":"http://registry.npmjs.org/contributor/-/contributor-0.1.9.tgz"},"_from":".","_npmVersion":"1.4.4","_npmUser":{"name":"jakeleboeuf","email":"dev@jakeleboeuf.com"},"maintainers":[{"name":"jakeleboeuf","email":"dev@jakeleboeuf.com"}]}
79 error new={"author":{"name":"Jake LeBoeuf"},"name":"contributor","description":"A simple module to add git contributors to your package.json.","version":"0.1.9","homepage":"https://github.com/jakeleboeuf/contributor","repository":{"type":"git","url":"https://github.com/jakeleboeuf/contributor.git"},"bugs":{"url":"https://github.com/jakeleboeuf/contributor/issues"},"main":"./lib/contributor","license":"MIT","keywords":["contributor","contribute","collaborator","collaborate","author","github","package"],"bin":{"contributor":"./bin/contributor"},"engines":{"node":"0.10.x","npm":"1.4.x"},"dependencies":{"request":"2.34.x","ansi-color":"0.2.x","github":"0.1.x","prompt":"0.2.x"},"contributors":[{"name":"Jake LeBoeuf","email":"dev@jakeleboeuf.com","url":"https://github.com/jakeleboeuf"}],"readme":"#Contributor [![Build Status](https://travis-ci.org/jakeleboeuf/contributor.png)](https://travis-ci.org/jakeleboeuf/contributor)\u000a\u000aA simple [node](http://nodejs.org) module to add git contributors to your package.json. Private repos are available as of 0.1.6!\u000a\u000a[![NPM](https://nodei.co/npm/contributor.png)](https://nodei.co/npm/contributor/)\u000a  \u000a## Install from [npm](https://www.npmjs.org/package/contributor)\u000a\u000a    $ npm install contributor -g\u000a\u000aor add it as one of your projects `package.json` dependencies like this:\u000a  \u000a  \u000a```json\u000a{\u000a  ...\u000a  \"dependencies\": {\u000a    \"contributor\": \"0.1.x\"\u000a  }\u000a}\u000a```\u000a\u000a## Run\u000a\u000aTo get a record of your project's contribution info from your github repo, `cd` into the directory containing your `package.json` and run:\u000a  \u000a\u0009$ contributor\u000a\u000aBingo! Your `package.json` will be appended with something like this:\u000a\u000a```json\u000a{\u000a  ...\u000a  \"contributors\": [\u000a    {\u000a      \"name\": \"Jake LeBoeuf\",\u000a      \"email\": \"dev@jakeleboeuf.com\",\u000a      \"url\": \"https://github.com/jakeleboeuf\",\u000a      \"contributions\": 20,\u000a      \"hireable\": true\u000a    }\u000a  ]\u000a}\u000a```\u000a\u000a### Behind the scenes\u000a\u000a[Contributor](https://www.npmjs.org/package/contributor) hunts for repository.url in your your `package.json`. If it finds a valid repo url, it requests collaborator info from the github api and adds it to your `package.json`. Super simple.\u000a\u000aIt will make a backup of your original json to `.package.json`, so all your secret codes are safe.\u000a\u000a\u000a#### Pro tip: Add a git push alias and kill a couple birds.\u000a\u000a\u0009$ git config alias.pushc \\!git push $1 $2 && contributor\u000a  \u000aThis will simply add the pushc alias to your .git/config file like so:\u000a\u000a\u0009[alias]\u000a    \u0009pushc = !git push $1 $2 && contributor\u000a    \u000aThen you can run `git pushc origin master`, and voila! Give it a try on your next project and let me know what you think!\u000a\u000a--\u000a###Examle output\u000a\u000a\u000aBefore `contributor`:\u000a\u000a\u000a```json\u000a{\u000a  \"author\": \"Jake LeBoeuf\",\u000a  \"name\": \"contributor\",\u000a  \"description\": \"Example package.json.\",\u000a  \"version\": \"0.1.1\",\u000a  \"homepage\": \"https://github.com/jakeleboeuf/contributor\",\u000a  \"repository\": {\u000a    \"type\": \"git\",\u000a    \"url\": \"https://github.com/jakeleboeuf/contributor.git\"\u000a  },\u000a  \"bugs\": {\u000a    \"url\": \"https://github.com/jakeleboeuf/contributor/issues\"\u000a  },\u000a  \"engines\": {\u000a    \"node\": \"0.10.x\",\u000a    \"npm\": \"1.4.x\"\u000a  },\u000a  \"dependencies\": {\u000a    \"request\": \"2.34.x\",\u000a    \"ansi-color\": \"0.2.x\",\u000a    \"github\": \"0.1.x\",\u000a    \"prompt\": \"0.2.x\"\u000a  }\u000a}\u000a```\u000a\u000aAfter `contributor`:\u000a\u000a```json\u000a{\u000a  \"author\": \"Jake LeBoeuf\",\u000a  \"name\": \"contributor\",\u000a  \"description\": \"Example package.json.\",\u000a  \"version\": \"0.1.1\",\u000a  \"homepage\": \"https://github.com/jakeleboeuf/contributor\",\u000a  \"repository\": {\u000a    \"type\": \"git\",\u000a    \"url\": \"https://github.com/jakeleboeuf/contributor.git\"\u000a  },\u000a  \"bugs\": {\u000a    \"url\": \"https://github.com/jakeleboeuf/contributor/issues\"\u000a  },\u000a  \"engines\": {\u000a    \"node\": \"0.10.x\",\u000a    \"npm\": \"1.4.x\"\u000a  },\u000a  \"dependencies\": {\u000a    \"request\": \"2.34.x\",\u000a    \"ansi-color\": \"0.2.x\",\u000a    \"github\": \"0.1.x\",\u000a    \"prompt\": \"0.2.x\"\u000a  },\u000a  \"contributors\": [\u000a    {\u000a      \"name\": \"Jake LeBoeuf\",\u000a      \"email\": \"dev@jakeleboeuf.com\",\u000a      \"url\": \"https://github.com/jakeleboeuf\",\u000a      \"contributions\": 20,\u000a      \"hireable\": true\u000a    }\u000a  ]\u000a}\u000a```\u000a[![Support via Gittip](https://rawgithub.com/twolfson/gittip-badge/0.2.0/dist/gittip.png)](https://www.gittip.com/jakeleboeuf/)\u000a","readmeFilename":"README.md","_id":"contributor@0.1.9","dist":{"shasum":"11226ec7d54fff3325efe7dd60ee7388e466ed78","tarball":"http://registry.npmjs.org/contributor/-/contributor-0.1.9.tgz"},"_from":".","_npmVersion":"1.4.4","_npmUser":{"name":"jakeleboeuf","email":"dev@jakeleboeuf.com"},"maintainers":[{"name":"jakeleboeuf","email":"dev@jakeleboeuf.com"}]}: contributor
79 error     at RegClient.<anonymous> (/usr/local/lib/node_modules/npm/node_modules/npm-registry-client/lib/request.js:237:14)
79 error     at Request.self.callback (/usr/local/lib/node_modules/npm/node_modules/request/request.js:123:22)
79 error     at Request.EventEmitter.emit (events.js:98:17)
79 error     at Request.<anonymous> (/usr/local/lib/node_modules/npm/node_modules/request/request.js:893:14)
79 error     at Request.EventEmitter.emit (events.js:117:20)
79 error     at IncomingMessage.<anonymous> (/usr/local/lib/node_modules/npm/node_modules/request/request.js:844:12)
79 error     at IncomingMessage.EventEmitter.emit (events.js:117:20)
79 error     at _stream_readable.js:920:16
79 error     at process._tickCallback (node.js:415:13)
80 error If you need help, you may report this *entire* log,
80 error including the npm and node versions, at:
80 error     <http://github.com/npm/npm/issues>
81 error System Darwin 13.0.2
82 error command "node" "/usr/local/bin/npm" "publish"
83 error cwd /Users/jklb/Development/labs/_npm/contributor/src
84 error node -v v0.10.26
85 error npm -v 1.4.4
86 verbose exit [ 1, true ]
